<?xml version="1.0" encoding="UTF-8"?>
<testsuite xmlns:xsi="http://www.w3.org/2001/XMLSchema-instance" xsi:noNamespaceSchemaLocation="https://maven.apache.org/surefire/maven-surefire-plugin/xsd/surefire-test-report.xsd" name="com.craftinginterpreters.lox.Tests" time="0.025" tests="5" errors="0" skipped="0" failures="0">
  <properties>
[...]
</properties>
  <testcase name="initializedImmediately" classname="com.craftinginterpreters.lox.Tests" time="0.007"/>
  <testcase name="uninitializedUseAfterPrint" classname="com.craftinginterpreters.lox.Tests" time="0.008"/>
  <testcase name="uninitializedSimple" classname="com.craftinginterpreters.lox.Tests" time="0.001"/>
  <testcase name="initializedLater" classname="com.craftinginterpreters.lox.Tests" time="0"/>
  <testcase name="initializedNil" classname="com.craftinginterpreters.lox.Tests" time="0"/>
</testsuite>