<?xml version="1.0" encoding="UTF-8"?>
<testsuite xmlns:xsi="http://www.w3.org/2001/XMLSchema-instance" xsi:noNamespaceSchemaLocation="https://maven.apache.org/surefire/maven-surefire-plugin/xsd/surefire-test-report.xsd" name="com.craftinginterpreters.lox.Tests" time="0.035" tests="13" errors="0" skipped="0" failures="2">
  <properties>
    <property name="java.specification.version" value="21"/>
    <property name="sun.jnu.encoding" value="UTF-8"/>
    <property name="java.class.path" value="/home/mplaczek/Documents/Classes/CSC447/Lox/chap11_resolving/target/test-classes:/home/mplaczek/Documents/Classes/CSC447/Lox/chap11_resolving/target/classes:/home/mplaczek/.m2/repository/org/junit/jupiter/junit-jupiter-engine/5.10.0/junit-jupiter-engine-5.10.0.jar:/home/mplaczek/.m2/repository/org/junit/platform/junit-platform-engine/1.10.0/junit-platform-engine-1.10.0.jar:/home/mplaczek/.m2/repository/org/opentest4j/opentest4j/1.3.0/opentest4j-1.3.0.jar:/home/mplaczek/.m2/repository/org/junit/platform/junit-platform-commons/1.10.0/junit-platform-commons-1.10.0.jar:/home/mplaczek/.m2/repository/org/junit/jupiter/junit-jupiter-api/5.10.0/junit-jupiter-api-5.10.0.jar:/home/mplaczek/.m2/repository/org/apiguardian/apiguardian-api/1.1.2/apiguardian-api-1.1.2.jar:"/>
    <property name="java.vm.vendor" value="Ubuntu"/>
    <property name="sun.arch.data.model" value="64"/>
    <property name="java.vendor.url" value="https://ubuntu.com/"/>
    <property name="os.name" value="Linux"/>
    <property name="java.vm.specification.version" value="21"/>
    <property name="sun.java.launcher" value="SUN_STANDARD"/>
    <property name="user.country" value="US"/>
    <property name="sun.boot.library.path" value="/usr/lib/jvm/java-21-openjdk-amd64/lib"/>
    <property name="sun.java.command" value="/home/mplaczek/Documents/Classes/CSC447/Lox/chap11_resolving/target/surefire/surefirebooter5576018820096889982.jar /home/mplaczek/Documents/Classes/CSC447/Lox/chap11_resolving/target/surefire 2024-05-14T16-51-36_115-jvmRun1 surefire1658774569701125494tmp surefire_02053090437296031186tmp"/>
    <property name="jdk.debug" value="release"/>
    <property name="surefire.test.class.path" value="/home/mplaczek/Documents/Classes/CSC447/Lox/chap11_resolving/target/test-classes:/home/mplaczek/Documents/Classes/CSC447/Lox/chap11_resolving/target/classes:/home/mplaczek/.m2/repository/org/junit/jupiter/junit-jupiter-engine/5.10.0/junit-jupiter-engine-5.10.0.jar:/home/mplaczek/.m2/repository/org/junit/platform/junit-platform-engine/1.10.0/junit-platform-engine-1.10.0.jar:/home/mplaczek/.m2/repository/org/opentest4j/opentest4j/1.3.0/opentest4j-1.3.0.jar:/home/mplaczek/.m2/repository/org/junit/platform/junit-platform-commons/1.10.0/junit-platform-commons-1.10.0.jar:/home/mplaczek/.m2/repository/org/junit/jupiter/junit-jupiter-api/5.10.0/junit-jupiter-api-5.10.0.jar:/home/mplaczek/.m2/repository/org/apiguardian/apiguardian-api/1.1.2/apiguardian-api-1.1.2.jar:"/>
    <property name="sun.cpu.endian" value="little"/>
    <property name="user.home" value="/home/mplaczek"/>
    <property name="user.language" value="en"/>
    <property name="java.specification.vendor" value="Oracle Corporation"/>
    <property name="java.version.date" value="2024-04-16"/>
    <property name="java.home" value="/usr/lib/jvm/java-21-openjdk-amd64"/>
    <property name="file.separator" value="/"/>
    <property name="basedir" value="/home/mplaczek/Documents/Classes/CSC447/Lox/chap11_resolving"/>
    <property name="java.vm.compressedOopsMode" value="Zero based"/>
    <property name="line.separator" value="&#10;"/>
    <property name="java.specification.name" value="Java Platform API Specification"/>
    <property name="java.vm.specification.vendor" value="Oracle Corporation"/>
    <property name="surefire.real.class.path" value="/home/mplaczek/Documents/Classes/CSC447/Lox/chap11_resolving/target/surefire/surefirebooter5576018820096889982.jar"/>
    <property name="sun.management.compiler" value="HotSpot 64-Bit Tiered Compilers"/>
    <property name="java.runtime.version" value="21.0.3+9-Ubuntu-1ubuntu1"/>
    <property name="user.name" value="mplaczek"/>
    <property name="stdout.encoding" value="UTF-8"/>
    <property name="path.separator" value=":"/>
    <property name="os.version" value="6.8.0-76060800daily20240311-generic"/>
    <property name="java.runtime.name" value="OpenJDK Runtime Environment"/>
    <property name="file.encoding" value="UTF-8"/>
    <property name="java.vm.name" value="OpenJDK 64-Bit Server VM"/>
    <property name="localRepository" value="/home/mplaczek/.m2/repository"/>
    <property name="java.vendor.url.bug" value="https://bugs.launchpad.net/ubuntu/+source/openjdk-21"/>
    <property name="java.io.tmpdir" value="/tmp"/>
    <property name="java.version" value="21.0.3"/>
    <property name="user.dir" value="/home/mplaczek/Documents/Classes/CSC447/Lox/chap11_resolving"/>
    <property name="os.arch" value="amd64"/>
    <property name="java.vm.specification.name" value="Java Virtual Machine Specification"/>
    <property name="native.encoding" value="UTF-8"/>
    <property name="java.library.path" value="/usr/java/packages/lib:/usr/lib/x86_64-linux-gnu/jni:/lib/x86_64-linux-gnu:/usr/lib/x86_64-linux-gnu:/usr/lib/jni:/lib:/usr/lib"/>
    <property name="java.vm.info" value="mixed mode, sharing"/>
    <property name="stderr.encoding" value="UTF-8"/>
    <property name="java.vendor" value="Ubuntu"/>
    <property name="java.vm.version" value="21.0.3+9-Ubuntu-1ubuntu1"/>
    <property name="sun.io.unicode.encoding" value="UnicodeLittle"/>
    <property name="java.class.version" value="65.0"/>
  </properties>
  <testcase name="break1" classname="com.craftinginterpreters.lox.Tests" time="0.012"/>
  <testcase name="break2" classname="com.craftinginterpreters.lox.Tests" time="0"/>
  <testcase name="break3" classname="com.craftinginterpreters.lox.Tests" time="0.001"/>
  <testcase name="break4" classname="com.craftinginterpreters.lox.Tests" time="0.001"/>
  <testcase name="break5" classname="com.craftinginterpreters.lox.Tests" time="0.001"/>
  <testcase name="anonymous1" classname="com.craftinginterpreters.lox.Tests" time="0"/>
  <testcase name="anonymous2" classname="com.craftinginterpreters.lox.Tests" time="0"/>
  <testcase name="anonymous3" classname="com.craftinginterpreters.lox.Tests" time="0.001"/>
  <testcase name="anonymous4" classname="com.craftinginterpreters.lox.Tests" time="0"/>
  <testcase name="anonymous5" classname="com.craftinginterpreters.lox.Tests" time="0.009">
    <failure message="expected: &lt;1&gt; but was: &lt;Parse error&gt;" type="org.opentest4j.AssertionFailedError"><![CDATA[org.opentest4j.AssertionFailedError: expected: <1> but was: <Parse error>
	at com.craftinginterpreters.lox.Tests.outputTest(Tests.java:65)
	at com.craftinginterpreters.lox.Tests.anonymous5(Tests.java:86)
]]></failure>
    <system-err><![CDATA[[line 1] Error at '(': Expect function name.
[line 1] Error at '}': Expect expression.
]]></system-err>
  </testcase>
  <testcase name="anonymous6" classname="com.craftinginterpreters.lox.Tests" time="0.001">
    <failure message="expected: &lt;&gt; but was: &lt;Parse error&gt;" type="org.opentest4j.AssertionFailedError"><![CDATA[org.opentest4j.AssertionFailedError: expected: <> but was: <Parse error>
	at com.craftinginterpreters.lox.Tests.outputTest(Tests.java:65)
	at com.craftinginterpreters.lox.Tests.anonymous6(Tests.java:90)
]]></failure>
    <system-err><![CDATA[[line 1] Error at '(': Expect function name.
[line 1] Error at '}': Expect expression.
]]></system-err>
  </testcase>
  <testcase name="breakResolve1" classname="com.craftinginterpreters.lox.Tests" time="0"/>
  <testcase name="breakResolve2" classname="com.craftinginterpreters.lox.Tests" time="0.001"/>
</testsuite>