<?xml version="1.0" encoding="UTF-8"?>
<testsuite xmlns:xsi="http://www.w3.org/2001/XMLSchema-instance" xsi:noNamespaceSchemaLocation="https://maven.apache.org/surefire/maven-surefire-plugin/xsd/surefire-test-report.xsd" name="com.craftinginterpreters.lox.Tests" time="0.035" tests="13" errors="0" skipped="0" failures="2">
  <properties>
[...]
</properties>
  <testcase name="break1" classname="com.craftinginterpreters.lox.Tests" time="0.012"/>
  <testcase name="break2" classname="com.craftinginterpreters.lox.Tests" time="0"/>
  <testcase name="break3" classname="com.craftinginterpreters.lox.Tests" time="0.001"/>
  <testcase name="break4" classname="com.craftinginterpreters.lox.Tests" time="0.001"/>
  <testcase name="break5" classname="com.craftinginterpreters.lox.Tests" time="0.001"/>
  <testcase name="anonymous1" classname="com.craftinginterpreters.lox.Tests" time="0"/>
  <testcase name="anonymous2" classname="com.craftinginterpreters.lox.Tests" time="0"/>
  <testcase name="anonymous3" classname="com.craftinginterpreters.lox.Tests" time="0.001"/>
  <testcase name="anonymous4" classname="com.craftinginterpreters.lox.Tests" time="0"/>
  <testcase name="anonymous5" classname="com.craftinginterpreters.lox.Tests" time="0.009">
    <failure message="expected: &lt;1&gt; but was: &lt;Parse error&gt;" type="org.opentest4j.AssertionFailedError"><![CDATA[org.opentest4j.AssertionFailedError: expected: <1> but was: <Parse error>
	at com.craftinginterpreters.lox.Tests.outputTest(Tests.java:65)
	at com.craftinginterpreters.lox.Tests.anonymous5(Tests.java:86)
]]></failure>
    <system-err><![CDATA[[line 1] Error at '(': Expect function name.
[line 1] Error at '}': Expect expression.
]]></system-err>
  </testcase>
  <testcase name="anonymous6" classname="com.craftinginterpreters.lox.Tests" time="0.001">
    <failure message="expected: &lt;&gt; but was: &lt;Parse error&gt;" type="org.opentest4j.AssertionFailedError"><![CDATA[org.opentest4j.AssertionFailedError: expected: <> but was: <Parse error>
	at com.craftinginterpreters.lox.Tests.outputTest(Tests.java:65)
	at com.craftinginterpreters.lox.Tests.anonymous6(Tests.java:90)
]]></failure>
    <system-err><![CDATA[[line 1] Error at '(': Expect function name.
[line 1] Error at '}': Expect expression.
]]></system-err>
  </testcase>
  <testcase name="breakResolve1" classname="com.craftinginterpreters.lox.Tests" time="0"/>
  <testcase name="breakResolve2" classname="com.craftinginterpreters.lox.Tests" time="0.001"/>
</testsuite>