<?xml version="1.0" encoding="UTF-8"?>
<testsuite xmlns:xsi="http://www.w3.org/2001/XMLSchema-instance" xsi:noNamespaceSchemaLocation="https://maven.apache.org/surefire/maven-surefire-plugin/xsd/surefire-test-report.xsd" name="com.craftinginterpreters.lox.Tests" time="0.031" tests="6" errors="1" skipped="0" failures="5">
  <properties>
[...]
</properties>
  <testcase name="twoObjects" classname="com.craftinginterpreters.lox.Tests" time="0.02">
    <error type="java.lang.StackOverflowError">java.lang.StackOverflowError
</error>
  </testcase>
  <testcase name="inner1" classname="com.craftinginterpreters.lox.Tests" time="0.004">
    <failure message="expected: &lt;[A]:[/A]&gt; but was: &lt;[A]:Runtime error&gt;" type="org.opentest4j.AssertionFailedError"><![CDATA[org.opentest4j.AssertionFailedError: expected: <[A]:[/A]> but was: <[A]:Runtime error>
	at com.craftinginterpreters.lox.Tests.outputTest(Tests.java:65)
	at com.craftinginterpreters.lox.Tests.inner1(Tests.java:99)
]]></failure>
    <system-out><![CDATA[(class O)
(class A < O (fun m() (print [A])(; (call inner ))(print [/A])))
(class B < A (fun m() (; (call inner ))(print   [B])(; (call inner ))(print   [/B])(; (call inner ))))
(class C < B (fun m() (print     [C /])(; (call inner ))))
(class E < A (fun m() (print   [E /])))
(; (call (. (call A ) m) ))
]]></system-out>
    <system-err><![CDATA[Undefined variable 'inner'.
[line 5]
]]></system-err>
  </testcase>
  <testcase name="inner2" classname="com.craftinginterpreters.lox.Tests" time="0.001">
    <failure message="expected: &lt;[A]:  [B]:  [/B]:[/A]&gt; but was: &lt;Runtime error&gt;" type="org.opentest4j.AssertionFailedError"><![CDATA[org.opentest4j.AssertionFailedError: expected: <[A]:  [B]:  [/B]:[/A]> but was: <Runtime error>
	at com.craftinginterpreters.lox.Tests.outputTest(Tests.java:65)
	at com.craftinginterpreters.lox.Tests.inner2(Tests.java:106)
]]></failure>
    <system-out><![CDATA[(class O)
(class A < O (fun m() (print [A])(; (call inner ))(print [/A])))
(class B < A (fun m() (; (call inner ))(print   [B])(; (call inner ))(print   [/B])(; (call inner ))))
(class C < B (fun m() (print     [C /])(; (call inner ))))
(class E < A (fun m() (print   [E /])))
(; (call (. (call B ) m) ))
]]></system-out>
    <system-err><![CDATA[Undefined variable 'inner'.
[line 11]
]]></system-err>
  </testcase>
  <testcase name="inner3" classname="com.craftinginterpreters.lox.Tests" time="0.001">
    <failure message="expected: &lt;[A]:    [C /]:  [B]:    [C /]:  [/B]:    [C /]:[/A]&gt; but was: &lt;    [C /]:Runtime error&gt;" type="org.opentest4j.AssertionFailedError"><![CDATA[org.opentest4j.AssertionFailedError: expected: <[A]:    [C /]:  [B]:    [C /]:  [/B]:    [C /]:[/A]> but was: <    [C /]:Runtime error>
	at com.craftinginterpreters.lox.Tests.outputTest(Tests.java:65)
	at com.craftinginterpreters.lox.Tests.inner3(Tests.java:113)
]]></failure>
    <system-out><![CDATA[(class O)
(class A < O (fun m() (print [A])(; (call inner ))(print [/A])))
(class B < A (fun m() (; (call inner ))(print   [B])(; (call inner ))(print   [/B])(; (call inner ))))
(class C < B (fun m() (print     [C /])(; (call inner ))))
(class E < A (fun m() (print   [E /])))
(; (call (. (call C ) m) ))
]]></system-out>
    <system-err><![CDATA[Undefined variable 'inner'.
[line 21]
]]></system-err>
  </testcase>
  <testcase name="inner4" classname="com.craftinginterpreters.lox.Tests" time="0">
    <failure message="expected: &lt;[A]:  [E /]:[/A]&gt; but was: &lt;  [E /]&gt;" type="org.opentest4j.AssertionFailedError"><![CDATA[org.opentest4j.AssertionFailedError: expected: <[A]:  [E /]:[/A]> but was: <  [E /]>
	at com.craftinginterpreters.lox.Tests.outputTest(Tests.java:65)
	at com.craftinginterpreters.lox.Tests.inner4(Tests.java:120)
]]></failure>
  </testcase>
  <testcase name="parameters" classname="com.craftinginterpreters.lox.Tests" time="0">
    <failure message="expected: &lt;[A I]:  [B J]:    [C K/]:  [/B J]:[/A I]&gt; but was: &lt;    [C I/]&gt;" type="org.opentest4j.AssertionFailedError"><![CDATA[org.opentest4j.AssertionFailedError: expected: <[A I]:  [B J]:    [C K/]:  [/B J]:[/A I]> but was: <    [C I/]>
	at com.craftinginterpreters.lox.Tests.outputTest(Tests.java:65)
	at com.craftinginterpreters.lox.Tests.parameters(Tests.java:127)
]]></failure>
  </testcase>
</testsuite>